TN:
SF:knexfile.js
FNF:0
FNH:0
DA:1,1
DA:2,1
DA:3,1
DA:4,1
DA:5,1
DA:6,1
DA:7,1
DA:8,1
DA:9,1
DA:10,1
DA:11,1
DA:12,1
DA:13,1
DA:14,1
DA:15,1
DA:16,1
DA:17,1
DA:18,1
DA:19,1
DA:20,1
DA:21,1
DA:22,1
LF:22
LH:22
BRF:0
BRH:0
end_of_record
TN:
SF:api/server.js
FNF:0
FNH:0
DA:1,1
DA:2,1
DA:3,1
DA:4,1
DA:5,1
DA:6,1
DA:7,1
DA:8,1
DA:9,1
DA:10,1
DA:11,1
DA:12,1
DA:13,1
LF:13
LH:13
BRF:0
BRH:0
end_of_record
TN:
SF:api/hobbits/hobbits-model.js
FN:3,getAll
FN:8,getById
FN:13,insert
FNF:3
FNH:3
FNDA:4,getAll
FNDA:6,getById
FNDA:12,insert
DA:1,1
DA:2,1
DA:3,4
DA:4,4
DA:5,4
DA:6,4
DA:7,1
DA:8,6
DA:9,6
DA:10,6
DA:11,6
DA:12,1
DA:13,12
DA:14,12
DA:15,12
DA:16,12
DA:17,12
DA:18,12
DA:19,1
DA:20,1
LF:20
LH:20
BRDA:3,0,0,4
BRDA:8,1,0,6
BRDA:13,2,0,12
BRF:3
BRH:3
end_of_record
TN:
SF:api/hobbits/hobbits-router.js
FNF:0
FNH:0
DA:1,1
DA:2,1
DA:3,1
DA:4,1
DA:5,1
DA:6,1
DA:7,1
DA:8,1
DA:9,1
DA:10,1
DA:11,1
DA:12,0
DA:13,1
DA:14,1
DA:15,1
DA:16,1
DA:17,1
DA:18,1
DA:19,1
DA:20,1
DA:21,1
DA:22,1
DA:23,1
DA:24,1
DA:25,1
DA:26,1
DA:27,2
DA:28,2
DA:29,2
DA:30,2
DA:31,1
DA:32,1
DA:33,1
LF:33
LH:32
BRF:0
BRH:0
end_of_record
TN:
SF:data/dbConfig.js
FNF:0
FNH:0
DA:1,1
DA:2,1
DA:3,1
DA:4,1
LF:4
LH:4
BRF:0
BRH:0
end_of_record
TN:
SF:data/migrations/20230309092945_hobbits.js
FN:5,Object.<anonymous>.exports.up
FN:16,Object.<anonymous>.exports.down
FNF:2
FNH:2
FNDA:2,Object.<anonymous>.exports.up
FNDA:2,Object.<anonymous>.exports.down
DA:1,1
DA:2,1
DA:3,1
DA:4,1
DA:5,1
DA:6,2
DA:7,2
DA:8,2
DA:9,2
DA:10,2
DA:11,1
DA:12,1
DA:13,1
DA:14,1
DA:15,1
DA:16,1
DA:17,2
DA:18,2
LF:18
LH:18
BRDA:5,0,0,2
BRDA:6,1,0,2
BRDA:16,2,0,2
BRF:3
BRH:3
end_of_record
TN:
SF:data/seeds/001-hobbits.js
FN:1,Object.<anonymous>.exports.seed
FNF:1
FNH:1
FNDA:11,Object.<anonymous>.exports.seed
DA:1,1
DA:2,11
DA:3,11
DA:4,11
DA:5,11
DA:6,11
DA:7,11
DA:8,11
DA:9,11
DA:10,11
DA:11,11
DA:12,11
LF:12
LH:12
BRDA:1,0,0,11
BRDA:4,1,0,11
BRF:2
BRH:2
end_of_record
